===========================================================================
         ________    _________   _________     __     _________            
        |        |\ |        |\ |        |\   |  |\  /         \\          
        |    ____|| |    ____|| |    __  ||   |__|| |    ___    ||         
        |   |\___\| |   |\___\| |   |\_| ||    \_\| |   //  \   ||         
        |   ||      |   ||      |   || | ||    __   |  ||    |  ||         
        |   ||__    |   ||__    |   ||_| ||   |  |\ |  ||    |  ||         
        |       |\  |       |\  |         \\  |  || |  ||    |  ||         
        |    ___||  |    ___||  |    ___   || |  || |  ||    |  ||         
        |   |\__\|  |   |\__\|  |   |\__|  || |  || |  ||    |  ||         
        |   ||      |   ||      |   ||  |  || |  || |  ||    |  ||         
        |   ||      |   ||___   |   ||__|  || |  || |   \\__/   ||         
        |   ||      |        |\ |          || |  || |           ||         
        |___||      |________|| |__________|| |__||  \_________//          
                                                                           
      F I N I T E   E L E M E N T S   F O R   B I O M E C H A N I C S      
                                                                           
                 --- v e r s i o n - 2 . 8 . 2 . 11186 ---                 
                                                                           
                                                                           
  Musculoskeletal Research Laboratory                                      
  University of Utah                                                       
  http://febio.org                                                         
                                                                           
  FEBio is a registered trademark.                                         
  copyright (c) 2006-2018 - All rights reserved                            
                                                                           
                                                                              
 This is the NON-COMMERCIAL version of FEBio or the commercial license        
 key file could not be found. If you have a key file make sure it is          
 placed in the same directory as the executable. This version may only        
 be used for non-commercial purposes as described in the license agreement.   
 The functionality of this version may be limited compared to the commercial  
 version. If you wish to obtain a valid commercial license file, please       
 contact the developers.                                                      
                                                                           
===========================================================================




 FILES USED
===========================================================================
	Input file : cylinder1.feb
	Plot file  : cylinder1.xplt
	Log file   : cylinder1.log


 MESH INFO
===========================================================================
	Number of materials ............................ : 1
	Number of domains .............................. : 1
	Number of nodes ................................ : 1440
	Number of solid elements ....................... : 1024


 CONTROL DATA
===========================================================================
	Module type .................................... : solid
	Analysis type .................................. : quasi-static
	Number of timesteps ............................ : 10
	Time step size ................................. : 0.1
	Auto time stepper activated .................... : yes
	  Optimal nr of iterations ..................... : 10
	  Minimum allowable step size .................. : 0.01
	  Maximum allowable step size .................. : 0.1
	Number of loadcurves ........................... : 1


 SOLVER PARAMETERS
===========================================================================
	lstol ............................................. : 0.9
	lsmin ............................................. : 0.01
	lsiter ............................................ : 5
	max_refs .......................................... : 15
	max_ups ........................................... : 10
	qn_max_buffer_size ................................ : 0
	qn_cycle_buffer ................................... : true
	cmax .............................................. : 100000
	qnmethod .......................................... : 0
	check_zero_diagonal ............................... : true
	zero_diagonal_tol ................................. : 0
	equation_scheme ................................... : 0
	force_partition ................................... : 0
	reform_each_time_step ............................. : true
	diverge_reform .................................... : true
	do_reforms ........................................ : true
	dtol .............................................. : 0.001
	etol .............................................. : 0.01
	rtol .............................................. : 0
	min_residual ...................................... : 1e-020
	max_residual ...................................... : 0
	rhoi .............................................. : -2
	alpha ............................................. : 1
	beta .............................................. : 0.25
	gamma ............................................. : 0.5
	symmetric_stiffness ............................... : true
	logSolve .......................................... : false


 OUTPUT DATA
===========================================================================
	plot level ................................ : major iterations
	plotfile format ........................... : FEBIO
		Nodal Variables:
			displacement         (type = vec3f, format = NODE)
		Domain Variables:
			stress               (type = mat3fs, format = ITEM)


 MATERIAL DATA
===========================================================================
  1 - Material4 (type: orthotropic elastic)
	density ........................................... : 1470
	E1 ................................................ : 1e+009
	E2 ................................................ : 4e+006
	E3 ................................................ : 1e+009
	G12 ............................................... : 3.3e+008
	G23 ............................................... : 100000
	G31 ............................................... : 5e+006
	v12 ............................................... : 0.5
	v23 ............................................... : 0.0012
	v31 ............................................... : -0.99


 LOADCURVE DATA
===========================================================================
  1
         0         0
         1         1


 LINEAR SOLVER DATA
===========================================================================
	Solver type ............................... : Pardiso
	Matrix format ............................. : symmetric



===== beginning time step 1 : 0.1 =====
Reforming stiffness matrix: reformation #1

===== reforming stiffness matrix:
	Nr of equations ........................... : 3360
	Nr of nonzeroes in stiffness matrix ....... : 108384

 1
 Nonlinear solution status: time= 0.1
	stiffness updates             = 0
	right hand side evaluations   = 2
	stiffness matrix reformations = 1
	step from line search         = 1.000000
	convergence norms :     INITIAL         CURRENT         REQUIRED
	   residual           4.999999e-026   5.450629e-022   0.000000e+000 
	   energy             3.647291e-022   1.412054e-024   3.647291e-024 
	   displacement       2.374512e-016   2.374512e-016   2.374512e-022 
 *************************************************************************
 *                               WARNING                                 *
 *                                                                       *
 * No force acting on the system.                                        *
 *************************************************************************

convergence summary
    number of iterations   : 1
    number of reformations : 1

------- converged at time : 0.1


===== beginning time step 2 : 0.2 =====
Reforming stiffness matrix: reformation #1

 1
 Nonlinear solution status: time= 0.2
	stiffness updates             = 0
	right hand side evaluations   = 2
	stiffness matrix reformations = 1
	step from line search         = 1.000000
	convergence norms :     INITIAL         CURRENT         REQUIRED
	   residual           5.425695e-022   5.328112e-022   0.000000e+000 
	   energy             3.631182e-022   1.751611e-025   3.631182e-024 
	   displacement       2.348359e-016   2.348359e-016   2.348359e-022 
 *************************************************************************
 *                               WARNING                                 *
 *                                                                       *
 * No force acting on the system.                                        *
 *************************************************************************

convergence summary
    number of iterations   : 1
    number of reformations : 1

------- converged at time : 0.2


===== beginning time step 3 : 0.3 =====
Reforming stiffness matrix: reformation #1

 1
 Nonlinear solution status: time= 0.3
	stiffness updates             = 0
	right hand side evaluations   = 2
	stiffness matrix reformations = 1
	step from line search         = 1.000000
	convergence norms :     INITIAL         CURRENT         REQUIRED
	   residual           5.303536e-022   5.307659e-022   0.000000e+000 
	   energy             3.625734e-022   7.644925e-025   3.625734e-024 
	   displacement       2.333919e-016   2.333919e-016   2.333919e-022 
 *************************************************************************
 *                               WARNING                                 *
 *                                                                       *
 * No force acting on the system.                                        *
 *************************************************************************

convergence summary
    number of iterations   : 1
    number of reformations : 1

------- converged at time : 0.3


===== beginning time step 4 : 0.4 =====
Reforming stiffness matrix: reformation #1

 1
 Nonlinear solution status: time= 0.4
	stiffness updates             = 0
	right hand side evaluations   = 2
	stiffness matrix reformations = 1
	step from line search         = 1.000000
	convergence norms :     INITIAL         CURRENT         REQUIRED
	   residual           5.283366e-022   5.147650e-022   0.000000e+000 
	   energy             3.585281e-022   1.277853e-024   3.585281e-024 
	   displacement       2.289689e-016   2.289689e-016   2.289689e-022 
 *************************************************************************
 *                               WARNING                                 *
 *                                                                       *
 * No force acting on the system.                                        *
 *************************************************************************

convergence summary
    number of iterations   : 1
    number of reformations : 1

------- converged at time : 0.4


===== beginning time step 5 : 0.5 =====
Reforming stiffness matrix: reformation #1

 1
 Nonlinear solution status: time= 0.5
	stiffness updates             = 0
	right hand side evaluations   = 2
	stiffness matrix reformations = 1
	step from line search         = 1.000000
	convergence norms :     INITIAL         CURRENT         REQUIRED
	   residual           5.123858e-022   4.948982e-022   0.000000e+000 
	   energy             3.535657e-022   1.757123e-024   3.535657e-024 
	   displacement       2.233890e-016   2.233890e-016   2.233890e-022 
 *************************************************************************
 *                               WARNING                                 *
 *                                                                       *
 * No force acting on the system.                                        *
 *************************************************************************

convergence summary
    number of iterations   : 1
    number of reformations : 1

------- converged at time : 0.5


===== beginning time step 6 : 0.6 =====
Reforming stiffness matrix: reformation #1

 1
 Nonlinear solution status: time= 0.6
	stiffness updates             = 0
	right hand side evaluations   = 2
	stiffness matrix reformations = 1
	step from line search         = 1.000000
	convergence norms :     INITIAL         CURRENT         REQUIRED
	   residual           4.925795e-022   4.570649e-022   0.000000e+000 
	   energy             3.477760e-022   2.174139e-024   3.477760e-024 
	   displacement       2.168090e-016   2.168090e-016   2.168090e-022 
 *************************************************************************
 *                               WARNING                                 *
 *                                                                       *
 * No force acting on the system.                                        *
 *************************************************************************

convergence summary
    number of iterations   : 1
    number of reformations : 1

------- converged at time : 0.6


===== beginning time step 7 : 0.7 =====
Reforming stiffness matrix: reformation #1

 1
 Nonlinear solution status: time= 0.7
	stiffness updates             = 0
	right hand side evaluations   = 2
	stiffness matrix reformations = 1
	step from line search         = 1.000000
	convergence norms :     INITIAL         CURRENT         REQUIRED
	   residual           4.548653e-022   2.752238e-022   0.000000e+000 
	   energy             3.413738e-022   2.587121e-024   3.413738e-024 
	   displacement       2.094995e-016   2.094995e-016   2.094995e-022 
 *************************************************************************
 *                               WARNING                                 *
 *                                                                       *
 * No force acting on the system.                                        *
 *************************************************************************

convergence summary
    number of iterations   : 1
    number of reformations : 1

------- converged at time : 0.7


===== beginning time step 8 : 0.8 =====
Reforming stiffness matrix: reformation #1

 1
 Nonlinear solution status: time= 0.8
	stiffness updates             = 0
	right hand side evaluations   = 2
	stiffness matrix reformations = 1
	step from line search         = 1.000000
	convergence norms :     INITIAL         CURRENT         REQUIRED
	   residual           2.743042e-022   4.257134e-022   0.000000e+000 
	   energy             3.346691e-022   3.056666e-024   3.346691e-024 
	   displacement       2.018139e-016   2.018139e-016   2.018139e-022 
 *************************************************************************
 *                               WARNING                                 *
 *                                                                       *
 * No force acting on the system.                                        *
 *************************************************************************

convergence summary
    number of iterations   : 1
    number of reformations : 1

------- converged at time : 0.8


===== beginning time step 9 : 0.9 =====
Reforming stiffness matrix: reformation #1

 1
 Nonlinear solution status: time= 0.9
	stiffness updates             = 0
	right hand side evaluations   = 2
	stiffness matrix reformations = 1
	step from line search         = 1.000000
	convergence norms :     INITIAL         CURRENT         REQUIRED
	   residual           4.258244e-022   3.011967e-022   0.000000e+000 
	   energy             3.269381e-022   3.372990e-024   3.269381e-024 
	   displacement       1.934412e-016   1.934412e-016   1.934412e-022 
 *************************************************************************
 *                               WARNING                                 *
 *                                                                       *
 * No force acting on the system.                                        *
 *************************************************************************

convergence summary
    number of iterations   : 1
    number of reformations : 1

------- converged at time : 0.9


===== beginning time step 10 : 1 =====
Reforming stiffness matrix: reformation #1

 1
 Nonlinear solution status: time= 1
	stiffness updates             = 0
	right hand side evaluations   = 2
	stiffness matrix reformations = 1
	step from line search         = 1.000000
	convergence norms :     INITIAL         CURRENT         REQUIRED
	   residual           2.995950e-022   3.602383e-022   0.000000e+000 
	   energy             3.189848e-022   3.268693e-024   3.189848e-024 
	   displacement       1.846288e-016   1.846288e-016   1.846288e-022 
 *************************************************************************
 *                               WARNING                                 *
 *                                                                       *
 * No force acting on the system.                                        *
 *************************************************************************

convergence summary
    number of iterations   : 1
    number of reformations : 1

------- converged at time : 1



N O N L I N E A R   I T E R A T I O N   I N F O R M A T I O N

	Number of time steps completed .................... : 10

	Total number of equilibrium iterations ............ : 10

	Average number of equilibrium iterations .......... : 1

	Total number of right hand evaluations ............ : 20

	Total number of stiffness reformations ............ : 10

	Time in linear solver: 0:00:00


 Elapsed time : 0:00:01

 T I M I N G   I N F O R M A T I O N

	Input time ...................... : 0:00:00 (0.047 sec)

	Initialization time ............. : 0:00:00 (0 sec)

	Solve time ...................... : 0:00:01 (0.656 sec)

	   IO-time (plot, dmp, data) .... : 0:00:00 (0.015 sec)

	   reforming stiffness .......... : 0:00:00 (0.015 sec)

	   evaluating stiffness ......... : 0:00:00 (0.015 sec)

	   evaluating residual .......... : 0:00:00 (0.015 sec)

	   model update ................. : 0:00:00 (0.204 sec)

	   QN updates ................... : 0:00:00 (0 sec)

	   time in linear solver ........ : 0:00:00 (0.377 sec)

	Total elapsed time .............. : 0:00:01 (0.703 sec)


 N O R M A L   T E R M I N A T I O N

